<?xml version="1.0" encoding="UTF-8"?>
<!-- Generated by org.testng.reporters.JUnitReportReporter -->
<testsuite hostname="Fouad" failures="0" tests="1" name="tests.TestLogin" time="6.378" errors="0" timestamp="2023-02-09T19:17:56 MST" skipped="0">
  <testcase classname="tests.TestLogin" name="testLogin" time="6.378"/>
  <system-out/>
</testsuite> <!-- tests.TestLogin -->
